"../../../../../../game270/stochastic-challenge/RunForrestRun/Content/Maps/111.uasset" 0
"../../../../../../game270/stochastic-challenge/RunForrestRun/Content/Maps/Travel.uasset" 1
"../../../../../../game270/stochastic-challenge/RunForrestRun/Content/Blueprints/AllLevels/PlayerInfo.uasset" 2
"../../../../../../game270/stochastic-challenge/RunForrestRun/Content/Blueprints/AllLevels/SaveGame.uasset" 3
"../../../../../../game270/stochastic-challenge/RunForrestRun/Content/Mannequin/Character/Mesh/UE4_Mannequin_Skeleton.uasset" 4
"../../../../../../game270/stochastic-challenge/RunForrestRun/Content/Mannequin/Animations/ThirdPersonJump_End.uasset" 5
"../../../../../../game270/stochastic-challenge/RunForrestRun/Content/StarterContent/Materials/M_Basic_Wall.uasset" 6
"../../../../../../game270/stochastic-challenge/RunForrestRun/Content/StarterContent/Architecture/Pillar_50x500.uasset" 7
"../../../../../../game270/stochastic-challenge/RunForrestRun/Content/StarterContent/Architecture/Wall_400x300.uasset" 8
"../../../../../../game270/stochastic-challenge/RunForrestRun/Content/StarterContent/Architecture/Wall_400x400.uasset" 9
"../../../../../../game270/stochastic-challenge/RunForrestRun/Content/StarterContent/Architecture/Wall_500x500.uasset" 10
"../../../../../../game270/stochastic-challenge/RunForrestRun/Content/StarterContent/Architecture/Wall_Door_400x400.uasset" 11
"../../../../../../game270/stochastic-challenge/RunForrestRun/Content/StarterContent/Architecture/Wall_Window_400x400.uasset" 12
"../../../../../../game270/stochastic-challenge/RunForrestRun/Content/StarterContent/Audio/Collapse01.uasset" 13
"../../../../../../game270/stochastic-challenge/RunForrestRun/Content/StarterContent/Audio/Collapse02.uasset" 14
"../../../../../../game270/stochastic-challenge/RunForrestRun/Content/StarterContent/Audio/Explosion01.uasset" 15
"../../../../../../game270/stochastic-challenge/RunForrestRun/Content/StarterContent/Audio/Explosion02.uasset" 16
"../../../../../../game270/stochastic-challenge/RunForrestRun/Content/StarterContent/Audio/Fire01.uasset" 17
"../../../../../../game270/stochastic-challenge/RunForrestRun/Content/StarterContent/Audio/Fire_Sparks01.uasset" 18
"../../../../../../game270/stochastic-challenge/RunForrestRun/Content/StarterContent/Audio/Light01.uasset" 19
"../../../../../../game270/stochastic-challenge/RunForrestRun/Content/StarterContent/Audio/Light01_Cue.uasset" 20
"../../../../../../game270/stochastic-challenge/RunForrestRun/Content/StarterContent/Audio/Light02.uasset" 21
"../../../../../../game270/stochastic-challenge/RunForrestRun/Content/StarterContent/Audio/Light02_Cue.uasset" 22
"../../../../../../game270/stochastic-challenge/RunForrestRun/Content/StarterContent/Audio/Smoke01.uasset" 23
"../../../../../../game270/stochastic-challenge/RunForrestRun/Content/StarterContent/Audio/Starter_Birds01.uasset" 24
"../../../../../../game270/stochastic-challenge/RunForrestRun/Content/StarterContent/Audio/Starter_Music01.uasset" 25
"../../../../../../game270/stochastic-challenge/RunForrestRun/Content/StarterContent/Audio/Starter_Wind05.uasset" 26
"../../../../../../game270/stochastic-challenge/RunForrestRun/Content/StarterContent/Audio/Starter_Wind06.uasset" 27
"../../../../../../game270/stochastic-challenge/RunForrestRun/Content/StarterContent/Audio/Steam01.uasset" 28
"../../../../../../game270/stochastic-challenge/RunForrestRun/Content/StarterContent/Audio/Explosion_Cue.uasset" 29
"../../../../../../game270/stochastic-challenge/RunForrestRun/Content/StarterContent/Textures/T_Burst_M.uasset" 30
"../../../../../../game270/stochastic-challenge/RunForrestRun/Content/StarterContent/Particles/Materials/M_Burst.uasset" 31
"../../../../../../game270/stochastic-challenge/RunForrestRun/Content/StarterContent/Textures/T_Explosion_SubUV.uasset" 32
"../../../../../../game270/stochastic-challenge/RunForrestRun/Content/StarterContent/Particles/Materials/M_explosion_subUV.uasset" 33
"../../../../../../game270/stochastic-challenge/RunForrestRun/Content/StarterContent/Particles/Materials/m_flare_01.uasset" 34
"../../../Engine/Content/Functions/Engine_MaterialFunctions01/Gradient/RadialGradient.uasset" 35
"../../../../../../game270/stochastic-challenge/RunForrestRun/Content/StarterContent/Particles/Materials/M_radial_ramp.uasset" 36
"../../../../../../game270/stochastic-challenge/RunForrestRun/Content/StarterContent/Textures/T_Smoke_SubUV.uasset" 37
"../../../../../../game270/stochastic-challenge/RunForrestRun/Content/StarterContent/Textures/T_Smoke_Tiled_D.uasset" 38
"../../../../../../game270/stochastic-challenge/RunForrestRun/Content/StarterContent/Particles/Materials/M_smoke_subUV.uasset" 39
"../../../../../../game270/stochastic-challenge/RunForrestRun/Content/StarterContent/Particles/P_Explosion.uasset" 40
"../../../../../../game270/stochastic-challenge/RunForrestRun/Content/StarterContent/Blueprints/Blueprint_Effect_Explosion.uasset" 41
"../../../Engine/Content/EditorMeshes/ColorCalibrator/T_ColorGrid.uasset" 42
"../../../../../../game270/stochastic-challenge/RunForrestRun/Content/StarterContent/Materials/M_ColorGrid_LowSpec.uasset" 43
"../../../../../../game270/stochastic-challenge/RunForrestRun/Content/StarterContent/Textures/T_Bush_D.uasset" 44
"../../../../../../game270/stochastic-challenge/RunForrestRun/Content/StarterContent/Textures/T_Bush_N.uasset" 45
"../../../../../../game270/stochastic-challenge/RunForrestRun/Content/StarterContent/Props/Materials/M_Bush.uasset" 46
"../../../../../../game270/stochastic-challenge/RunForrestRun/Content/StarterContent/Props/SM_Bush.uasset" 47
"../../../../../../game270/stochastic-challenge/RunForrestRun/Content/StarterContent/Textures/T_Chair_M.uasset" 48
"../../../../../../game270/stochastic-challenge/RunForrestRun/Content/StarterContent/Textures/T_Chair_N.uasset" 49
"../../../../../../game270/stochastic-challenge/RunForrestRun/Content/StarterContent/Props/Materials/M_Chair.uasset" 50
"../../../../../../game270/stochastic-challenge/RunForrestRun/Content/StarterContent/Props/SM_Couch.uasset" 51
"../../../../../../game270/stochastic-challenge/RunForrestRun/Content/StarterContent/Materials/M_Glass.uasset" 52
"../../../../../../game270/stochastic-challenge/RunForrestRun/Content/StarterContent/Textures/T_Door_M.uasset" 53
"../../../../../../game270/stochastic-challenge/RunForrestRun/Content/StarterContent/Textures/T_Door_N.uasset" 54
"../../../../../../game270/stochastic-challenge/RunForrestRun/Content/StarterContent/Props/Materials/M_Door.uasset" 55
"../../../../../../game270/stochastic-challenge/RunForrestRun/Content/StarterContent/Props/SM_Door.uasset" 56
"../../../../../../game270/stochastic-challenge/RunForrestRun/Content/StarterContent/Props/Materials/M_MaterialSphere.uasset" 57
"../../../../../../game270/stochastic-challenge/RunForrestRun/Content/StarterContent/Props/Materials/M_MaterialSphere_Plain.uasset" 58
"../../../../../../game270/stochastic-challenge/RunForrestRun/Content/StarterContent/Props/SM_MatPreviewMesh_02.uasset" 59
"../../../Engine/Content/Functions/Engine_MaterialFunctions02/Utility/BlendAngleCorrectedNormals.uasset" 60
"../../../../../../game270/stochastic-challenge/RunForrestRun/Content/StarterContent/Textures/T_Detail_Rocky_N.uasset" 61
"../../../../../../game270/stochastic-challenge/RunForrestRun/Content/StarterContent/Textures/T_Rock_Basalt_D.uasset" 62
"../../../../../../game270/stochastic-challenge/RunForrestRun/Content/StarterContent/Textures/T_RockMesh_M.uasset" 63
"../../../../../../game270/stochastic-challenge/RunForrestRun/Content/StarterContent/Textures/T_RockMesh_N.uasset" 64
"../../../../../../game270/stochastic-challenge/RunForrestRun/Content/StarterContent/Props/Materials/M_Rock.uasset" 65
"../../../../../../game270/stochastic-challenge/RunForrestRun/Content/StarterContent/Props/SM_Rock.uasset" 66
"../../../../../../game270/stochastic-challenge/RunForrestRun/Content/StarterContent/Textures/T_Shelf_M.uasset" 67
"../../../../../../game270/stochastic-challenge/RunForrestRun/Content/StarterContent/Textures/T_Shelf_N.uasset" 68
"../../../../../../game270/stochastic-challenge/RunForrestRun/Content/StarterContent/Props/Materials/M_Shelf.uasset" 69
"../../../../../../game270/stochastic-challenge/RunForrestRun/Content/StarterContent/Props/SM_Shelf.uasset" 70
"../../../../../../game270/stochastic-challenge/RunForrestRun/Content/StarterContent/Materials/M_Basic_Floor.uasset" 71
"../../../../../../game270/stochastic-challenge/RunForrestRun/Content/StarterContent/Props/SM_Stairs.uasset" 72
"../../../../../../game270/stochastic-challenge/RunForrestRun/Content/StarterContent/Shapes/Shape_Cone.uasset" 73
"../../../../../../game270/stochastic-challenge/RunForrestRun/Content/StarterContent/Shapes/Shape_Cylinder.uasset" 74
"../../../../../../game270/stochastic-challenge/RunForrestRun/Content/StarterContent/Shapes/Shape_NarrowCapsule.uasset" 75
"../../../../../../game270/stochastic-challenge/RunForrestRun/Content/StarterContent/Shapes/Shape_Pipe.uasset" 76
"../../../../../../game270/stochastic-challenge/RunForrestRun/Content/StarterContent/Shapes/Shape_Pipe_180.uasset" 77
"../../../../../../game270/stochastic-challenge/RunForrestRun/Content/StarterContent/Shapes/Shape_Pipe_90.uasset" 78
"../../../../../../game270/stochastic-challenge/RunForrestRun/Content/StarterContent/Shapes/Shape_Plane.uasset" 79
"../../../../../../game270/stochastic-challenge/RunForrestRun/Content/StarterContent/Shapes/Shape_Torus.uasset" 80
"../../../../../../game270/stochastic-challenge/RunForrestRun/Content/StarterContent/Shapes/Shape_Trim.uasset" 81
"../../../../../../game270/stochastic-challenge/RunForrestRun/Content/StarterContent/Shapes/Shape_Trim_90_In.uasset" 82
"../../../../../../game270/stochastic-challenge/RunForrestRun/Content/StarterContent/Shapes/Shape_Trim_90_Out.uasset" 83
"../../../../../../game270/stochastic-challenge/RunForrestRun/Content/StarterContent/Shapes/Shape_TriPyramid.uasset" 84
"../../../../../../game270/stochastic-challenge/RunForrestRun/Content/StarterContent/Shapes/Shape_Tube.uasset" 85
"../../../../../../game270/stochastic-challenge/RunForrestRun/Content/StarterContent/Shapes/Shape_Wedge_A.uasset" 86
"../../../../../../game270/stochastic-challenge/RunForrestRun/Content/StarterContent/Shapes/Shape_Wedge_B.uasset" 87
"../../../../../../game270/stochastic-challenge/RunForrestRun/Content/StarterContent/Shapes/Shape_WideCapsule.uasset" 88
"../../../../../../game270/stochastic-challenge/RunForrestRun/Content/ThirdPersonBP/ThirdPersonOverview.uasset" 89
"../../../../../../game270/stochastic-challenge/RunForrestRun/Content/Mannequin/Animations/ThirdPerson_Jump.uasset" 90
"../../../../../../game270/stochastic-challenge/RunForrestRun/Content/Mannequin/Animations/ThirdPersonJump_Loop.uasset" 91
"../../../../../../game270/stochastic-challenge/RunForrestRun/Content/Mannequin/Animations/ThirdPersonJump_Start.uasset" 92
"../../../../../../game270/stochastic-challenge/RunForrestRun/Content/Mannequin/Animations/ThirdPersonIdle.uasset" 93
"../../../../../../game270/stochastic-challenge/RunForrestRun/Content/Mannequin/Animations/ThirdPersonRun.uasset" 94
"../../../../../../game270/stochastic-challenge/RunForrestRun/Content/Mannequin/Animations/ThirdPersonWalk.uasset" 95
"../../../../../../game270/stochastic-challenge/RunForrestRun/Content/Mannequin/Animations/ThirdPerson_IdleRun_2D.uasset" 96
"../../../Engine/Content/EditorBlueprintResources/StandardMacros.uasset" 97
"../../../../../../game270/stochastic-challenge/RunForrestRun/Content/Mannequin/Animations/ThirdPerson_AnimBP.uasset" 98
"../../../Engine/Content/BasicShapes/BasicShapeMaterial.uasset" 99
"../../../../../../game270/stochastic-challenge/RunForrestRun/Content/StarterContent/Shapes/Shape_Sphere.uasset" 100
"../../../../../../game270/stochastic-challenge/RunForrestRun/Content/ThirdPersonBP/Blueprints/Bomb.uasset" 101
"../../../Engine/Content/Functions/MaterialLayerFunctions/MatLayerBlend_NormalBlend.uasset" 102
"../../../Engine/Content/Functions/MaterialLayerFunctions/MatLayerBlend_Simple.uasset" 103
"../../../../../../game270/stochastic-challenge/RunForrestRun/Content/Mannequin/Character/Materials/MaterialLayers/T_ML_Rubber_Blue_01_D.uasset" 104
"../../../../../../game270/stochastic-challenge/RunForrestRun/Content/Mannequin/Character/Materials/MaterialLayers/T_ML_Rubber_Blue_01_N.uasset" 105
"../../../../../../game270/stochastic-challenge/RunForrestRun/Content/Mannequin/Character/Materials/MaterialLayers/ML_GlossyBlack_Latex_UE4.uasset" 106
"../../../../../../game270/stochastic-challenge/RunForrestRun/Content/Mannequin/Character/Materials/MaterialLayers/ML_Plastic_Shiny_Beige.uasset" 107
"../../../../../../game270/stochastic-challenge/RunForrestRun/Content/Mannequin/Character/Textures/UE4_LOGO_CARD.uasset" 108
"../../../../../../game270/stochastic-challenge/RunForrestRun/Content/Mannequin/Character/Materials/MaterialLayers/ML_Plastic_Shiny_Beige_LOGO.uasset" 109
"../../../../../../game270/stochastic-challenge/RunForrestRun/Content/Mannequin/Character/Materials/MaterialLayers/T_ML_Aluminum01.uasset" 110
"../../../../../../game270/stochastic-challenge/RunForrestRun/Content/Mannequin/Character/Materials/MaterialLayers/T_ML_Aluminum01_N.uasset" 111
"../../../../../../game270/stochastic-challenge/RunForrestRun/Content/Mannequin/Character/Materials/MaterialLayers/ML_SoftMetal_UE4.uasset" 112
"../../../../../../game270/stochastic-challenge/RunForrestRun/Content/Mannequin/Character/Textures/UE4_Mannequin__normals.uasset" 113
"../../../../../../game270/stochastic-challenge/RunForrestRun/Content/Mannequin/Character/Textures/UE4_Mannequin_MAT_MASKA.uasset" 114
"../../../../../../game270/stochastic-challenge/RunForrestRun/Content/Mannequin/Character/Materials/M_UE4Man_Body.uasset" 115
"../../../../../../game270/stochastic-challenge/RunForrestRun/Content/Mannequin/Character/Textures/UE4Man_Logo_N.uasset" 116
"../../../../../../game270/stochastic-challenge/RunForrestRun/Content/Mannequin/Character/Materials/M_UE4Man_ChestLogo.uasset" 117
"../../../../../../game270/stochastic-challenge/RunForrestRun/Content/Mannequin/Character/Mesh/SK_Mannequin_PhysicsAsset.uasset" 118
"../../../../../../game270/stochastic-challenge/RunForrestRun/Content/Mannequin/Character/Mesh/SK_Mannequin.uasset" 119
"../../../../../../game270/stochastic-challenge/RunForrestRun/Content/ThirdPersonBP/Blueprints/ThirdPersonCharacter.uasset" 120
"../../../../../../game270/stochastic-challenge/RunForrestRun/Content/ThirdPersonBP/Blueprints/ThirdPersonGameMode.uasset" 121
"../../../Engine/Content/Functions/Engine_MaterialFunctions01/Opacity/CameraDepthFade.uasset" 122
"../../../Engine/Content/EngineMaterials/T_Default_Material_Grid_M.uasset" 123
"../../../Engine/Content/EngineMaterials/T_Default_Material_Grid_N.uasset" 124
"../../../Engine/Content/EngineMaterials/WorldGridMaterial.uasset" 125
"../../../../../../game270/stochastic-challenge/RunForrestRun/Content/VehicleVarietyPack/Plane.uasset" 126
"../../../../../../game270/stochastic-challenge/RunForrestRun/Content/VehicleVarietyPack/Skeletons/SK_Vehicle_Skeleton.uasset" 127
"../../../../../../game270/stochastic-challenge/RunForrestRun/Content/VehicleVarietyPack/Blueprints/BoxTruck/AB_BoxTruck.uasset" 128
"../../../../../../game270/stochastic-challenge/RunForrestRun/Content/VehicleVarietyPack/Blueprints/BoxTruck/DA_BT_TireConfig.uasset" 129
"../../../../../../game270/stochastic-challenge/RunForrestRun/Content/VehicleVarietyPack/Blueprints/BoxTruck/BP_BT_FrontTire.uasset" 130
"../../../../../../game270/stochastic-challenge/RunForrestRun/Content/VehicleVarietyPack/Blueprints/BoxTruck/BP_BT_RearTire.uasset" 131
"../../../../../../game270/stochastic-challenge/RunForrestRun/Content/VehicleVarietyPack/Textures/BoxTruck/TX_Truck_Exterior_Diffuse.uasset" 132
"../../../../../../game270/stochastic-challenge/RunForrestRun/Content/VehicleVarietyPack/Textures/BoxTruck/TX_Truck_Exterior_EMM.uasset" 133
"../../../../../../game270/stochastic-challenge/RunForrestRun/Content/VehicleVarietyPack/Textures/BoxTruck/TX_Truck_Exterior_Normal.uasset" 134
"../../../../../../game270/stochastic-challenge/RunForrestRun/Content/VehicleVarietyPack/Textures/BoxTruck/TX_Truck_Exterior_ORM.uasset" 135
"../../../../../../game270/stochastic-challenge/RunForrestRun/Content/VehicleVarietyPack/Materials/BoxTruck/M_BoxTruck_Body.uasset" 136
"../../../../../../game270/stochastic-challenge/RunForrestRun/Content/VehicleVarietyPack/Textures/BoxTruck/TX_Truck_Box_Diffuse.uasset" 137
"../../../../../../game270/stochastic-challenge/RunForrestRun/Content/VehicleVarietyPack/Textures/BoxTruck/TX_Truck_Box_Normal.uasset" 138
"../../../../../../game270/stochastic-challenge/RunForrestRun/Content/VehicleVarietyPack/Textures/BoxTruck/TX_Truck_Box_ORM.uasset" 139
"../../../../../../game270/stochastic-challenge/RunForrestRun/Content/VehicleVarietyPack/Materials/BoxTruck/M_BoxTruck_Box.uasset" 140
"../../../../../../game270/stochastic-challenge/RunForrestRun/Content/VehicleVarietyPack/Textures/BoxTruck/TX_Truck_Chassis_Diffuse.uasset" 141
"../../../../../../game270/stochastic-challenge/RunForrestRun/Content/VehicleVarietyPack/Textures/BoxTruck/TX_Truck_Chassis_EMM.uasset" 142
"../../../../../../game270/stochastic-challenge/RunForrestRun/Content/VehicleVarietyPack/Textures/BoxTruck/TX_Truck_Chassis_Normal.uasset" 143
"../../../../../../game270/stochastic-challenge/RunForrestRun/Content/VehicleVarietyPack/Textures/BoxTruck/TX_Truck_Chassis_ORM.uasset" 144
"../../../../../../game270/stochastic-challenge/RunForrestRun/Content/VehicleVarietyPack/Materials/BoxTruck/M_BoxTruck_Chassis.uasset" 145
"../../../../../../game270/stochastic-challenge/RunForrestRun/Content/VehicleVarietyPack/Textures/BoxTruck/TX_Truck_Interior_Diffuse.uasset" 146
"../../../../../../game270/stochastic-challenge/RunForrestRun/Content/VehicleVarietyPack/Textures/BoxTruck/TX_Truck_Interior_Normal.uasset" 147
"../../../../../../game270/stochastic-challenge/RunForrestRun/Content/VehicleVarietyPack/Textures/BoxTruck/TX_Truck_Interior_ORM.uasset" 148
"../../../../../../game270/stochastic-challenge/RunForrestRun/Content/VehicleVarietyPack/Materials/BoxTruck/M_BoxTruck_Interior.uasset" 149
"../../../../../../game270/stochastic-challenge/RunForrestRun/Content/VehicleVarietyPack/Textures/Pickup/TX_Pickup_Diffuse_2.uasset" 150
"../../../../../../game270/stochastic-challenge/RunForrestRun/Content/VehicleVarietyPack/Textures/Pickup/TX_Pickup_Normal_2.uasset" 151
"../../../../../../game270/stochastic-challenge/RunForrestRun/Content/VehicleVarietyPack/Textures/Pickup/TX_Pickup_OPC_2.uasset" 152
"../../../../../../game270/stochastic-challenge/RunForrestRun/Content/VehicleVarietyPack/Textures/Pickup/TX_Pickup_ORM.uasset" 153
"../../../../../../game270/stochastic-challenge/RunForrestRun/Content/VehicleVarietyPack/Materials/Masters/M_Glass.uasset" 154
"../../../../../../game270/stochastic-challenge/RunForrestRun/Content/VehicleVarietyPack/Textures/BoxTruck/TX_Truck_Glass_Diffuse.uasset" 155
"../../../../../../game270/stochastic-challenge/RunForrestRun/Content/VehicleVarietyPack/Textures/BoxTruck/TX_Truck_Glass_Normal.uasset" 156
"../../../../../../game270/stochastic-challenge/RunForrestRun/Content/VehicleVarietyPack/Textures/BoxTruck/TX_Truck_Glass_OPC.uasset" 157
"../../../../../../game270/stochastic-challenge/RunForrestRun/Content/VehicleVarietyPack/Textures/BoxTruck/TX_Truck_Glass_ORM.uasset" 158
"../../../../../../game270/stochastic-challenge/RunForrestRun/Content/VehicleVarietyPack/Materials/BoxTruck/Mi_BoxTruck_Glass.uasset" 159
"../../../../../../game270/stochastic-challenge/RunForrestRun/Content/VehicleVarietyPack/Skeletons/SK_Truck_Box_PhysicsAsset.uasset" 160
"../../../../../../game270/stochastic-challenge/RunForrestRun/Content/VehicleVarietyPack/Skeletons/SK_Truck_Box.uasset" 161
"../../../../../../game270/stochastic-challenge/RunForrestRun/Content/VehicleVarietyPack/Blueprints/BoxTruck/BP_BoxTruck.uasset" 162
"../../../../../../game270/stochastic-challenge/RunForrestRun/Content/VehicleVarietyPack/Blueprints/BoxTruck/BP_BoxTruck_Gamemode.uasset" 163
"../../../../../../game270/stochastic-challenge/RunForrestRun/Content/VehicleVarietyPack/Blueprints/Hatchback/DA_HB_TireConfig.uasset" 164
"../../../../../../game270/stochastic-challenge/RunForrestRun/Content/VehicleVarietyPack/Blueprints/Pickup/AB_Pickup.uasset" 165
"../../../../../../game270/stochastic-challenge/RunForrestRun/Content/VehicleVarietyPack/Blueprints/Pickup/DA_PU_TireConfig.uasset" 166
"../../../../../../game270/stochastic-challenge/RunForrestRun/Content/VehicleVarietyPack/Blueprints/Pickup/BP_PU_Wheel_Front.uasset" 167
"../../../../../../game270/stochastic-challenge/RunForrestRun/Content/VehicleVarietyPack/Blueprints/Pickup/BP_PU_Wheel_Rear.uasset" 168
"../../../../../../game270/stochastic-challenge/RunForrestRun/Content/VehicleVarietyPack/Textures/Pickup/TX_Pickup_Diffuse.uasset" 169
"../../../../../../game270/stochastic-challenge/RunForrestRun/Content/VehicleVarietyPack/Textures/Pickup/TX_Pickup_EMM.uasset" 170
"../../../../../../game270/stochastic-challenge/RunForrestRun/Content/VehicleVarietyPack/Textures/Pickup/TX_Pickup_Normal.uasset" 171
"../../../../../../game270/stochastic-challenge/RunForrestRun/Content/VehicleVarietyPack/Materials/Pickup/M_Pickup_Body.uasset" 172
"../../../../../../game270/stochastic-challenge/RunForrestRun/Content/VehicleVarietyPack/Textures/Pickup/TX_Pickup_Interior_Diffuse.uasset" 173
"../../../../../../game270/stochastic-challenge/RunForrestRun/Content/VehicleVarietyPack/Textures/Pickup/TX_Pickup_Interior_Normal.uasset" 174
"../../../../../../game270/stochastic-challenge/RunForrestRun/Content/VehicleVarietyPack/Textures/Pickup/TX_Pickup_Interior_OPC.uasset" 175
"../../../../../../game270/stochastic-challenge/RunForrestRun/Content/VehicleVarietyPack/Textures/Pickup/TX_Pickup_Interior_ORM.uasset" 176
"../../../../../../game270/stochastic-challenge/RunForrestRun/Content/VehicleVarietyPack/Materials/Pickup/M_Pickup_Interior.uasset" 177
"../../../../../../game270/stochastic-challenge/RunForrestRun/Content/VehicleVarietyPack/Textures/Pickup/TX_Pickup_Diffuse_1.uasset" 178
"../../../../../../game270/stochastic-challenge/RunForrestRun/Content/VehicleVarietyPack/Textures/Pickup/TX_Pickup_Normal_1.uasset" 179
"../../../../../../game270/stochastic-challenge/RunForrestRun/Content/VehicleVarietyPack/Textures/Pickup/TX_Pickup_ORM_1.uasset" 180
"../../../../../../game270/stochastic-challenge/RunForrestRun/Content/VehicleVarietyPack/Materials/Pickup/M_Pickup_Under.uasset" 181
"../../../../../../game270/stochastic-challenge/RunForrestRun/Content/VehicleVarietyPack/Textures/Pickup/TX_Pickup_ORM_2.uasset" 182
"../../../../../../game270/stochastic-challenge/RunForrestRun/Content/VehicleVarietyPack/Materials/Pickup/Mi_Pickup_Glass.uasset" 183
"../../../../../../game270/stochastic-challenge/RunForrestRun/Content/VehicleVarietyPack/Skeletons/SK_Pickup_PhysicsAsset.uasset" 184
"../../../../../../game270/stochastic-challenge/RunForrestRun/Content/VehicleVarietyPack/Skeletons/SK_Pickup.uasset" 185
"../../../../../../game270/stochastic-challenge/RunForrestRun/Content/VehicleVarietyPack/Blueprints/Pickup/BP_Pickup.uasset" 186
"../../../../../../game270/stochastic-challenge/RunForrestRun/Content/VehicleVarietyPack/Blueprints/Pickup/BP_Pickup_Gamemode.uasset" 187
"../../../../../../game270/stochastic-challenge/RunForrestRun/Content/VehicleVarietyPack/Blueprints/SportsCar/AB_SportsCar.uasset" 188
"../../../../../../game270/stochastic-challenge/RunForrestRun/Content/VehicleVarietyPack/Blueprints/SUV/AB_SUV.uasset" 189
"../../../../../../game270/stochastic-challenge/RunForrestRun/Content/VehicleVarietyPack/Blueprints/SportsCar/DA_SC_TireConfig.uasset" 190
"../../../../../../game270/stochastic-challenge/RunForrestRun/Content/VehicleVarietyPack/Blueprints/SportsCar/BP_SC_Wheel_Front.uasset" 191
"../../../../../../game270/stochastic-challenge/RunForrestRun/Content/VehicleVarietyPack/Blueprints/SportsCar/BP_SC_Wheel_Rear.uasset" 192
"../../../../../../game270/stochastic-challenge/RunForrestRun/Content/VehicleVarietyPack/Textures/SportsCar/TX_SportsCar_Exterior_Diffuse.uasset" 193
"../../../../../../game270/stochastic-challenge/RunForrestRun/Content/VehicleVarietyPack/Textures/SportsCar/TX_Sportscar_Exterior_Emissive.uasset" 194
"../../../../../../game270/stochastic-challenge/RunForrestRun/Content/VehicleVarietyPack/Textures/SportsCar/TX_SportsCar_Exterior_Normal.uasset" 195
"../../../../../../game270/stochastic-challenge/RunForrestRun/Content/VehicleVarietyPack/Textures/SportsCar/TX_SportsCar_Exterior_ORM.uasset" 196
"../../../../../../game270/stochastic-challenge/RunForrestRun/Content/VehicleVarietyPack/Materials/SportsCar/M_SportsCar_Body.uasset" 197
"../../../../../../game270/stochastic-challenge/RunForrestRun/Content/VehicleVarietyPack/Textures/SportsCar/TX_SportsCar_Interior_Diffuse.uasset" 198
"../../../../../../game270/stochastic-challenge/RunForrestRun/Content/VehicleVarietyPack/Textures/SportsCar/TX_SportsCar_Interior_Normal.uasset" 199
"../../../../../../game270/stochastic-challenge/RunForrestRun/Content/VehicleVarietyPack/Textures/SportsCar/TX_SportsCar_Interior_ORM.uasset" 200
"../../../../../../game270/stochastic-challenge/RunForrestRun/Content/VehicleVarietyPack/Materials/SportsCar/M_SportsCar_Interior.uasset" 201
"../../../../../../game270/stochastic-challenge/RunForrestRun/Content/VehicleVarietyPack/Textures/SportsCar/TX_SportsCar_Underside_Diffuse.uasset" 202
"../../../../../../game270/stochastic-challenge/RunForrestRun/Content/VehicleVarietyPack/Textures/SportsCar/TX_SportsCar_Underside_Normal.uasset" 203
"../../../../../../game270/stochastic-challenge/RunForrestRun/Content/VehicleVarietyPack/Textures/SportsCar/TX_SportsCar_Underside_ORM.uasset" 204
"../../../../../../game270/stochastic-challenge/RunForrestRun/Content/VehicleVarietyPack/Materials/SportsCar/M_SportsCar_Under.uasset" 205
"../../../../../../game270/stochastic-challenge/RunForrestRun/Content/VehicleVarietyPack/Textures/SportsCar/TX_SportsCar_Glass_Diffuse.uasset" 206
"../../../../../../game270/stochastic-challenge/RunForrestRun/Content/VehicleVarietyPack/Textures/SportsCar/TX_SportsCar_Glass_Normal.uasset" 207
"../../../../../../game270/stochastic-challenge/RunForrestRun/Content/VehicleVarietyPack/Textures/SportsCar/TX_SportsCar_Glass_ORM.uasset" 208
"../../../../../../game270/stochastic-challenge/RunForrestRun/Content/VehicleVarietyPack/Materials/SportsCar/Mi_Glass_SportsCar.uasset" 209
"../../../../../../game270/stochastic-challenge/RunForrestRun/Content/VehicleVarietyPack/Skeletons/SK_SportsCar_PhysicsAsset.uasset" 210
"../../../../../../game270/stochastic-challenge/RunForrestRun/Content/VehicleVarietyPack/Skeletons/SK_SportsCar.uasset" 211
"../../../../../../game270/stochastic-challenge/RunForrestRun/Content/VehicleVarietyPack/Blueprints/SportsCar/BP_SportsCar.uasset" 212
"../../../../../../game270/stochastic-challenge/RunForrestRun/Content/VehicleVarietyPack/Blueprints/SportsCar/BP_SC_Gamemode.uasset" 213
"../../../../../../game270/stochastic-challenge/RunForrestRun/Content/VehicleVarietyPack/Materials/Masters/M_Blank.uasset" 214
"../../../../../../game270/stochastic-challenge/RunForrestRun/Content/VehicleVarietyPack/Skeletons/SK_Truck_Chassis_PhysicsAsset.uasset" 215
"../../../../../../game270/stochastic-challenge/RunForrestRun/Content/VehicleVarietyPack/Skeletons/SK_Truck_Chassis.uasset" 216
"../../../../../../game270/stochastic-challenge/RunForrestRun/Content/VFX/Texture/flash.uasset" 217
"../../../../../../game270/stochastic-challenge/RunForrestRun/Content/VFX/Material/flash.uasset" 218
"../../../../../../game270/stochastic-challenge/RunForrestRun/Content/VFX/Texture/exploded_circle.uasset" 219
"../../../Engine/Content/Animation/DefaultAnimCurveCompressionSettings.uasset" 220
"../../../Engine/Content/ArtTools/RenderToTexture/Meshes/S_1_Unit_Plane.uasset" 221
"../../../Engine/Content/EngineMaterials/DefaultMaterial.uasset" 222
"../../../Engine/Content/BasicShapes/Cone.uasset" 223
"../../../Engine/Content/BasicShapes/Plane.uasset" 224
"../../../Engine/Content/EditorLandscapeResources/DataLayer.uasset" 225
"../../../Engine/Content/EditorMaterials/MAT_Groups_Toggle.uasset" 226
"../../../Engine/Content/EditorMaterials/MAT_Groups_Visibility.uasset" 227
"../../../Engine/Content/EditorMaterials/PreviewShadowIndicator.uasset" 228
"../../../Engine/Content/EditorMaterials/PreviewShadowIndicatorMaterial.uasset" 229
"../../../Engine/Content/EditorMaterials/MatineeGroups/MAT_ColorTrack.uasset" 230
"../../../Engine/Content/EditorMaterials/MatineeGroups/MAT_Groups_Anim.uasset" 231
"../../../Engine/Content/EditorMaterials/MatineeGroups/MAT_Groups_AudioMaster.uasset" 232
"../../../Engine/Content/EditorMaterials/MatineeGroups/MAT_Groups_Director.uasset" 233
"../../../Engine/Content/EditorMaterials/MatineeGroups/MAT_Groups_Event.uasset" 234
"../../../Engine/Content/EditorMaterials/MatineeGroups/MAT_Groups_Fade.uasset" 235
"../../../Engine/Content/EditorMaterials/MatineeGroups/MAT_Groups_Float.uasset" 236
"../../../Engine/Content/EditorMaterials/MatineeGroups/MAT_Groups_Move.uasset" 237
"../../../Engine/Content/EditorMaterials/MatineeGroups/MAT_Groups_Slomo.uasset" 238
"../../../Engine/Content/EditorMaterials/MatineeGroups/MAT_Groups_Sound.uasset" 239
"../../../Engine/Content/EditorMaterials/MatineeGroups/MAT_Groups_Vector.uasset" 240
"../../../Engine/Content/EditorMaterials/ParticleSystems/PSysThumbnail_NoImage.uasset" 241
"../../../Engine/Content/EditorMaterials/ParticleSystems/PSysThumbnail_OOD.uasset" 242
"../../../Engine/Content/EditorMaterials/Camera/CineMat.uasset" 243
"../../../Engine/Content/EditorMaterials/Camera/MI_CineMat_Rig.uasset" 244
"../../../Engine/Content/EditorMeshes/Camera/SM_CraneRig_Arm.uasset" 245
"../../../Engine/Content/EditorMeshes/Camera/SM_CraneRig_Base.uasset" 246
"../../../Engine/Content/EditorMeshes/Camera/SM_CraneRig_Body.uasset" 247
"../../../Engine/Content/EditorMeshes/Camera/SM_CraneRig_Mount.uasset" 248
"../../../Engine/Content/EditorMeshes/Camera/SM_RailRig_Mount.uasset" 249
"../../../Engine/Content/EditorMeshes/Camera/SM_RailRig_Track.uasset" 250
"../../../Engine/Content/EditorResources/BSPVertex.uasset" 251
"../../../Engine/Content/EditorResources/EmptyActor.uasset" 252
"../../../Engine/Content/EditorResources/S_Actor.uasset" 253
"../../../Engine/Content/EditorResources/S_Note.uasset" 254
"../../../Engine/Content/EditorResources/S_Solver.uasset" 255
"../../../Engine/Content/EditorResources/S_Trigger.uasset" 256
"../../../Engine/Content/EditorResources/AudioIcons/S_AudioComponent.uasset" 257
"../../../Engine/Content/EditorResources/AudioIcons/S_AudioComponent_AutoActivate.uasset" 258
"../../../Engine/Content/EditorResources/LightIcons/S_LightError.uasset" 259
"../../../Engine/Content/EditorResources/SequenceRecorder/Countdown.uasset" 260
"../../../Engine/Content/EditorResources/SequenceRecorder/RecordingIndicator.uasset" 261
"../../../Engine/Content/EditorSounds/Notifications/CompileFailed.uasset" 262
"../../../Engine/Content/EditorSounds/Notifications/CompileFailed_Cue.uasset" 263
"../../../Engine/Content/EditorSounds/Notifications/CompileSuccess.uasset" 264
"../../../Engine/Content/EditorSounds/Notifications/CompileStart_Cue.uasset" 265
"../../../Engine/Content/EditorSounds/Notifications/CompileSuccess_Cue.uasset" 266
"../../../Engine/Content/EngineDamageTypes/DmgTypeBP_Environmental.uasset" 267
"../../../Engine/Content/EngineDebugMaterials/DebugEditorMaterial.uasset" 268
"../../../Engine/Content/EngineDebugMaterials/DebugMeshMaterial.uasset" 269
"../../../Engine/Content/EngineDebugMaterials/M_SimpleTranslucent.uasset" 270
"../../../Engine/Content/Functions/Engine_MaterialFunctions02/Utility/CameraDirectionVector.uasset" 271
"../../../Engine/Content/EngineDebugMaterials/VolumeToRender.uasset" 272
"../../../Engine/Content/EngineDebugMaterials/M_VolumeRenderSphereTracePP.uasset" 273
"../../../Engine/Content/EngineDebugMaterials/WireframeMaterial.uasset" 274
"../../../Engine/Content/EngineFonts/Faces/DroidSansFallback.uasset" 275
"../../../Engine/Content/EngineFonts/Faces/RobotoBold.uasset" 276
"../../../Engine/Content/EngineFonts/Faces/RobotoBoldItalic.uasset" 277
"../../../Engine/Content/EngineFonts/Faces/RobotoItalic.uasset" 278
"../../../Engine/Content/EngineFonts/Faces/RobotoLight.uasset" 279
"../../../Engine/Content/EngineFonts/Faces/RobotoRegular.uasset" 280
"../../../Engine/Content/EngineFonts/Roboto.uasset" 281
"../../../Engine/Content/EngineMaterials/BaseFlattenDiffuseMap.uasset" 282
"../../../Engine/Content/EngineMaterials/BaseFlattenEmissiveMap.uasset" 283
"../../../Engine/Content/EngineMaterials/BaseFlattenGrayscaleMap.uasset" 284
"../../../Engine/Content/EngineMaterials/BaseFlattenNormalMap.uasset" 285
"../../../Engine/Content/EngineMaterials/BaseFlattenMaterial.uasset" 286
"../../../Engine/Content/EngineMaterials/BlueNoise.uasset" 287
"../../../Engine/Content/EngineMaterials/DefaultBloomKernel.uasset" 288
"../../../Engine/Content/EngineMaterials/DefaultBokeh.uasset" 289
"../../../Engine/Content/EngineMaterials/DefaultDiffuse.uasset" 290
"../../../Engine/Content/EngineMaterials/DefaultDeferredDecalMaterial.uasset" 291
"../../../Engine/Content/EngineMaterials/DefaultLightFunctionMaterial.uasset" 292
"../../../Engine/Content/EngineMaterials/DefaultPhysicalMaterial.uasset" 293
"../../../Engine/Content/Functions/Engine_MaterialFunctions02/Utility/BreakOutFloat2Components.uasset" 294
"../../../Engine/Content/EngineMaterials/DefaultPostProcessMaterial.uasset" 295
"../../../Engine/Content/EngineFonts/RobotoDistanceField.uasset" 296
"../../../Engine/Content/EngineMaterials/DefaultTextMaterialOpaque.uasset" 297
"../../../Engine/Content/EngineMaterials/DefaultVirtualTextureMaterial.uasset" 298
"../../../Engine/Content/EngineMaterials/DefaultWhiteGrid.uasset" 299
"../../../Engine/Content/EngineMaterials/DefaultWhiteGrid_Low.uasset" 300
"../../../Engine/Content/EngineMaterials/EmissiveMeshMaterial.uasset" 301
"../../../Engine/Content/EngineMaterials/GizmoMaterial.uasset" 302
"../../../Engine/Content/EngineMaterials/Good64x64TilingNoiseHighFreq.uasset" 303
"../../../Engine/Content/EngineMaterials/HairDefaultMaterial.uasset" 304
"../../../Engine/Content/EngineMaterials/MiniFont.uasset" 305
"../../../Engine/Content/EngineMaterials/InvalidLightmapSettings.uasset" 306
"../../../Engine/Content/EngineMaterials/M_InvalidLightmapSettings.uasset" 307
"../../../Engine/Content/Functions/Engine_MaterialFunctions02/WorldPositionOffset/CameraOffset.uasset" 308
"../../../Engine/Content/EngineMaterials/PhAT_JointLimitMaterial.uasset" 309
"../../../Engine/Content/EngineMaterials/PreintegratedSkinBRDF.uasset" 310
"../../../Engine/Content/EngineMaterials/RemoveSurfaceMaterial.uasset" 311
"../../../Engine/Content/EngineMaterials/WeightMapPlaceholderTexture.uasset" 312
"../../../Engine/Content/EngineResources/WhiteSquareTexture.uasset" 313
"../../../Engine/Content/EngineMaterials/Widget3DPassThrough.uasset" 314
"../../../Engine/Content/EngineMaterials/Widget3DPassThrough_Masked.uasset" 315
"../../../Engine/Content/EngineMaterials/Widget3DPassThrough_Opaque.uasset" 316
"../../../Engine/Content/EngineMaterials/Widget3DPassThrough_Masked_OneSided.uasset" 317
"../../../Engine/Content/EngineMaterials/Widget3DPassThrough_Opaque_OneSided.uasset" 318
"../../../Engine/Content/EngineMaterials/Widget3DPassThrough_Translucent.uasset" 319
"../../../Engine/Content/EngineMaterials/Widget3DPassThrough_Translucent_OneSided.uasset" 320
"../../../Engine/Content/EngineMeshes/Cylinder.uasset" 321
"../../../Engine/Content/EngineMeshes/Sphere.uasset" 322
"../../../Engine/Content/EngineResources/Black.uasset" 323
"../../../Engine/Content/EngineResources/DefaultTexture.uasset" 324
"../../../Engine/Content/EngineResources/DefaultTextureCube.uasset" 325
"../../../Engine/Content/EngineResources/DefaultVolumeTexture2D.uasset" 326
"../../../Engine/Content/EngineResources/DefaultVolumeTexture.uasset" 327
"../../../Engine/Content/EngineResources/GradientTexture0.uasset" 328
"../../../Engine/Content/EngineSounds/Master.uasset" 329
"../../../Engine/Content/Functions/Engine_MaterialFunctions01/Shading/ConvertFromDiffSpec.uasset" 330
"../../../Engine/Content/Functions/Engine_MaterialFunctions01/Shading/PowerToRoughness.uasset" 331
"../../../Engine/Content/Maps/Templates/Thumbnails/Default.uasset" 332
"../../../Engine/Content/Maps/Templates/Thumbnails/TimeOfDay.uasset" 333
"../../../Engine/Content/Maps/Templates/Thumbnails/VR-Basic.uasset" 334
"../../../Engine/Content/MobileResources/T_MobileControls_texture.uasset" 335
"../../../Engine/Content/MobileResources/T_MobileMenu2.uasset" 336
"../../../Engine/Content/MobileResources/HUD/AnalogHat.uasset" 337
"../../../Engine/Content/MobileResources/HUD/VirtualJoystick_Background.uasset" 338
"../../../Engine/Content/MobileResources/HUD/VirtualJoystick_Thumb.uasset" 339
"../../../Engine/Content/MobileResources/HUD/DefaultVirtualJoysticks.uasset" 340
"../../../Engine/Content/MobileResources/HUD/LeftVirtualJoystickOnly.uasset" 341
"../../../Engine/Content/MobileResources/HUD/MobileHUDButton1_off.uasset" 342
"../../../Engine/Content/MobileResources/HUD/MobileHUDButton1_on.uasset" 343
"../../../Engine/Content/MobileResources/HUD/MobileHUDButton2_off.uasset" 344
"../../../Engine/Content/MobileResources/HUD/MobileHUDButton2_on.uasset" 345
"../../../Engine/Content/MobileResources/HUD/MobileHUDButton3.uasset" 346
"../../../Engine/Content/MobileResources/HUD/MobileHUDButtonFire.uasset" 347
"../../../Engine/Content/MobileResources/HUD/MobileHUDDirectionPad.uasset" 348
"../../../Engine/Content/MobileResources/HUD/MobileHUDDirectionPad2.uasset" 349
"../../../Engine/Content/MobileResources/HUD/MobileHUDDirectionPad3.uasset" 350
"../../../Engine/Content/MobileResources/HUD/MobileHUDDirectionStick.uasset" 351
"../../../Engine/Content/MobileResources/HUD/T_Castle_ThumbstickInner.uasset" 352
"../../../Engine/Content/MobileResources/HUD/T_Castle_ThumbstickOutter.uasset" 353
"../../../Engine/Content/Tutorial/ContentIntroCurve.uasset" 354
"../../../Engine/Content/Tutorial/Basics/LevelEditorAttract.uasset" 355
"../../../Engine/Content/VREditor/LaserPointer/VR_LaserPower_01.uasset" 356
"../../../Engine/Content/VREditor/TransformGizmo/TransformGizmoMaterial.uasset" 357
"../../../Engine/Content/VREditor/TransformGizmo/TranslucentTransformGizmoMaterial.uasset" 358
"../../../Engine/Content/VREditor/TransformGizmo/BoundingBoxCorner.uasset" 359
"../../../Engine/Content/VREditor/TransformGizmo/BoundingBoxEdge.uasset" 360
"../../../Engine/Content/VREditor/TransformGizmo/PlaneTranslationHandle.uasset" 361
"../../../Engine/Content/VREditor/TransformGizmo/Main.uasset" 362
"../../../Engine/Content/VREditor/TransformGizmo/Xray.uasset" 363
"../../../Engine/Content/VREditor/TransformGizmo/SM_Sequencer_Key.uasset" 364
"../../../Engine/Content/VREditor/TransformGizmo/SM_Sequencer_Node.uasset" 365
"../../Plugins/2D/Paper2D/Content/PlaceholderTextures/DummySpriteTexture.uasset" 366
"../../Plugins/2D/Paper2D/Content/DummySprite.uasset" 367
"../../Plugins/2D/Paper2D/Content/DefaultPaperTerrainMaterial.uasset" 368
"../../Plugins/2D/Paper2D/Content/DummySpriteTexture.uasset" 369
"../../Plugins/2D/Paper2D/Content/DefaultSpriteMaterial.uasset" 370
"../../Plugins/2D/Paper2D/Content/MaskedUnlitSpriteMaterial.uasset" 371
"../../Plugins/2D/Paper2D/Content/OpaqueUnlitSpriteMaterial.uasset" 372
"../../../Engine/Content/Functions/Engine_MaterialFunctions02/Utility/BreakOutFloat4Components.uasset" 373
"../../../Engine/Content/Functions/Engine_MaterialFunctions02/Utility/MakeFloat2.uasset" 374
"../../../Engine/Content/Functions/Engine_MaterialFunctions02/Utility/MakeFloat3.uasset" 375
"../../Plugins/Runtime/Oculus/OculusVR/Content/Materials/OculusMR_ChromaKey.uasset" 376
"../../Plugins/Runtime/Oculus/OculusVR/Content/Materials/OculusMR_ChromaKey_Lit.uasset" 377
"../../Plugins/Runtime/Oculus/OculusVR/Content/Materials/OculusMR_OpaqueColoredMaterial.uasset" 378
"../../Plugins/Runtime/Oculus/OculusVR/Content/Materials/OculusMR_WhiteMaterial.uasset" 379
"../../../Engine/Content/EngineSky/C_Sky_Cloud_Color.uasset" 380
"../../../Engine/Content/EngineSky/C_Sky_Horizon_Color.uasset" 381
"../../../Engine/Content/EngineSky/C_Sky_Zenith_Color.uasset" 382
"../../../Engine/Content/EngineSky/T_Sky_Blue.uasset" 383
"../../../Engine/Content/EngineSky/T_Sky_Clouds_M.uasset" 384
"../../../Engine/Content/EngineSky/T_Sky_Stars.uasset" 385
"../../../Engine/Content/EngineSky/M_Sky_Panning_Clouds2.uasset" 386
"../../../Engine/Content/EngineSky/SM_SkySphere.uasset" 387
"../../../Engine/Content/EngineSky/BP_Sky_Sphere.uasset" 388
"../../../../../../game270/stochastic-challenge/RunForrestRun/Content/Blueprints/Gameplay/GamePlayGm.uasset" 389
"../../../../../../game270/stochastic-challenge/RunForrestRun/Content/Geometry/Meshes/CubeMaterial.uasset" 390
"../../../../../../game270/stochastic-challenge/RunForrestRun/Content/Geometry/Meshes/1M_Cube.uasset" 391
"../../../../../../game270/stochastic-challenge/RunForrestRun/Content/Geometry/Meshes/1M_Cube_Chamfer.uasset" 392
"../../../../../../game270/stochastic-challenge/RunForrestRun/Content/Geometry/Meshes/TemplateFloor.uasset" 393
"../../../../../../game270/stochastic-challenge/RunForrestRun/Content/ThirdPerson/Meshes/RampMaterial.uasset" 394
"../../../../../../game270/stochastic-challenge/RunForrestRun/Content/ThirdPerson/Meshes/Bump_StaticMesh.uasset" 395
"../../../../../../game270/stochastic-challenge/RunForrestRun/Content/ThirdPerson/Meshes/LeftArm_StaticMesh.uasset" 396
"../../../../../../game270/stochastic-challenge/RunForrestRun/Content/ThirdPerson/Meshes/Linear_Stair_StaticMesh.uasset" 397
"../../../../../../game270/stochastic-challenge/RunForrestRun/Content/ThirdPerson/Meshes/Ramp_StaticMesh.uasset" 398
"../../../../../../game270/stochastic-challenge/RunForrestRun/Content/ThirdPerson/Meshes/RightArm_StaticMesh.uasset" 399
"../../../../../../game270/stochastic-challenge/RunForrestRun/Content/Maps/Level_1.umap" 400
"../../../../../../game270/stochastic-challenge/RunForrestRun/Content/UI/MainMenu/HostMenu.uasset" 401
"../../../../../../game270/stochastic-challenge/RunForrestRun/Content/UI/MainMenu/LoadingScreen.uasset" 402
"../../../../../../game270/stochastic-challenge/RunForrestRun/Content/UI/MainMenu/MainMenu.uasset" 403
"../../../../../../game270/stochastic-challenge/RunForrestRun/Content/UI/MainMenu/ServerMenu.uasset" 404
"../../../../../../game270/stochastic-challenge/RunForrestRun/Content/Blueprints/AllLevels/GameInfoInstance.uasset" 405
"../../../../../../game270/stochastic-challenge/RunForrestRun/Content/Maps/MainMenu.umap" 406
"../../../../../../game270/stochastic-challenge/RunForrestRun/Content/Maps/TravelMap.umap" 407
"../../../../../../game270/stochastic-challenge/RunForrestRun/Content/StarterContent/Blueprints/Assets/FogBrightnessLUT.uasset" 408
"../../../../../../game270/stochastic-challenge/RunForrestRun/Content/StarterContent/Blueprints/Assets/SunlightColorLUT.uasset" 409
"../../../../../../game270/stochastic-challenge/RunForrestRun/Content/StarterContent/Blueprints/Assets/M_LightStage_Arrows.uasset" 410
"../../../Engine/Content/MapTemplates/Sky/DaylightAmbientCubemap.uasset" 411
"../../../../../../game270/stochastic-challenge/RunForrestRun/Content/StarterContent/Blueprints/Assets/M_LightStage_Skybox_Master.uasset" 412
"../../../../../../game270/stochastic-challenge/RunForrestRun/Content/StarterContent/Blueprints/Assets/M_LightStage_Skybox_Black.uasset" 413
"../../../../../../game270/stochastic-challenge/RunForrestRun/Content/StarterContent/Blueprints/Assets/M_LightStage_Skybox_HDRI.uasset" 414
"../../../Engine/Content/EditorMaterials/Thumbnails/SkySphereMaterial.uasset" 415
"../../../../../../game270/stochastic-challenge/RunForrestRun/Content/StarterContent/Blueprints/Assets/Skybox.uasset" 416
"../../../../../../game270/stochastic-challenge/RunForrestRun/Content/StarterContent/Blueprints/Assets/SM_Arrows.uasset" 417
"../../../../../../game270/stochastic-challenge/RunForrestRun/Content/StarterContent/HDRI/HDRI_Epic_Courtyard_Daylight.uasset" 418
"../../../../../../game270/stochastic-challenge/RunForrestRun/Content/StarterContent/Blueprints/BP_LightStudio.uasset" 419
"../../../../../../game270/stochastic-challenge/RunForrestRun/Content/StarterContent/Maps/Advanced_Lighting_BuiltData.uasset" 420
"../../../../../../game270/stochastic-challenge/RunForrestRun/Content/StarterContent/Materials/M_AssetPlatform.uasset" 421
"../../../Engine/Content/EditorMeshes/ColorCalibrator/M_ChromeBall.uasset" 422
"../../../Engine/Content/EditorMeshes/ColorCalibrator/M_ClearCoat.uasset" 423
"../../../Engine/Content/EditorMeshes/ColorCalibrator/M_ClearCoatBlack.uasset" 424
"../../../Engine/Content/EditorMeshes/ColorCalibrator/Color_checker.uasset" 425
"../../../Engine/Content/EditorMeshes/ColorCalibrator/M_ColorGrid.uasset" 426
"../../../Engine/Content/EditorMeshes/ColorCalibrator/M_GreyBall.uasset" 427
"../../../Engine/Content/EditorMeshes/ColorCalibrator/SM_ColorCalibrator.uasset" 428
"../../../../../../game270/stochastic-challenge/RunForrestRun/Content/StarterContent/Architecture/SM_AssetPlatform.uasset" 429
"../../../../../../game270/stochastic-challenge/RunForrestRun/Content/StarterContent/Maps/Advanced_Lighting.umap" 430
"../../../../../../game270/stochastic-challenge/RunForrestRun/Content/StarterContent/Maps/Minimal_Default_BuiltData.uasset" 431
"../../../../../../game270/stochastic-challenge/RunForrestRun/Content/StarterContent/Textures/T_MacroVariation.uasset" 432
"../../../../../../game270/stochastic-challenge/RunForrestRun/Content/StarterContent/Materials/M_Metal_Brushed_Nickel.uasset" 433
"../../../../../../game270/stochastic-challenge/RunForrestRun/Content/StarterContent/Textures/T_Metal_Aluminum_D.uasset" 434
"../../../../../../game270/stochastic-challenge/RunForrestRun/Content/StarterContent/Textures/T_Metal_Gold_N.uasset" 435
"../../../../../../game270/stochastic-challenge/RunForrestRun/Content/StarterContent/Materials/M_Metal_Burnished_Steel.uasset" 436
"../../../../../../game270/stochastic-challenge/RunForrestRun/Content/StarterContent/Textures/T_Metal_Copper_D.uasset" 437
"../../../../../../game270/stochastic-challenge/RunForrestRun/Content/StarterContent/Materials/M_Metal_Copper.uasset" 438
"../../../../../../game270/stochastic-challenge/RunForrestRun/Content/StarterContent/Textures/T_Statue_M.uasset" 439
"../../../../../../game270/stochastic-challenge/RunForrestRun/Content/StarterContent/Textures/T_Statue_N.uasset" 440
"../../../../../../game270/stochastic-challenge/RunForrestRun/Content/StarterContent/Props/Materials/M_StatueGlass.uasset" 441
"../../../../../../game270/stochastic-challenge/RunForrestRun/Content/StarterContent/Architecture/Floor_400x400.uasset" 442
"../../../../../../game270/stochastic-challenge/RunForrestRun/Content/StarterContent/Audio/Starter_Background_Cue.uasset" 443
"../../../../../../game270/stochastic-challenge/RunForrestRun/Content/StarterContent/Props/SM_Chair.uasset" 444
"../../../../../../game270/stochastic-challenge/RunForrestRun/Content/StarterContent/Props/Materials/M_Statue.uasset" 445
"../../../../../../game270/stochastic-challenge/RunForrestRun/Content/StarterContent/Props/SM_Statue.uasset" 446
"../../../../../../game270/stochastic-challenge/RunForrestRun/Content/StarterContent/Textures/T_TableRound_M.uasset" 447
"../../../../../../game270/stochastic-challenge/RunForrestRun/Content/StarterContent/Textures/T_TableRound_N.uasset" 448
"../../../../../../game270/stochastic-challenge/RunForrestRun/Content/StarterContent/Props/Materials/M_TableRound.uasset" 449
"../../../../../../game270/stochastic-challenge/RunForrestRun/Content/StarterContent/Props/SM_TableRound.uasset" 450
"../../../../../../game270/stochastic-challenge/RunForrestRun/Content/StarterContent/Maps/Minimal_Default.umap" 451
"../../../../../../game270/stochastic-challenge/RunForrestRun/Content/StarterContent/Audio/Fire01_Cue.uasset" 452
"../../../../../../game270/stochastic-challenge/RunForrestRun/Content/StarterContent/Textures/T_Fire_SubUV.uasset" 453
"../../../../../../game270/stochastic-challenge/RunForrestRun/Content/StarterContent/Textures/T_Fire_Tiled_D.uasset" 454
"../../../../../../game270/stochastic-challenge/RunForrestRun/Content/StarterContent/Particles/Materials/M_Fire_SubUV.uasset" 455
"../../../../../../game270/stochastic-challenge/RunForrestRun/Content/StarterContent/Textures/T_Water_N.uasset" 456
"../../../../../../game270/stochastic-challenge/RunForrestRun/Content/StarterContent/Particles/Materials/M_Heat_Distortion.uasset" 457
"../../../../../../game270/stochastic-challenge/RunForrestRun/Content/StarterContent/Particles/Materials/M_Radial_Gradient.uasset" 458
"../../../../../../game270/stochastic-challenge/RunForrestRun/Content/StarterContent/Particles/P_Fire.uasset" 459
"../../../../../../game270/stochastic-challenge/RunForrestRun/Content/StarterContent/Blueprints/Blueprint_Effect_Fire.uasset" 460
"../../../../../../game270/stochastic-challenge/RunForrestRun/Content/StarterContent/Audio/Smoke01_Cue.uasset" 461
"../../../../../../game270/stochastic-challenge/RunForrestRun/Content/StarterContent/Particles/P_Smoke.uasset" 462
"../../../../../../game270/stochastic-challenge/RunForrestRun/Content/StarterContent/Blueprints/Blueprint_Effect_Smoke.uasset" 463
"../../../../../../game270/stochastic-challenge/RunForrestRun/Content/StarterContent/Audio/Fire_Sparks01_Cue.uasset" 464
"../../../../../../game270/stochastic-challenge/RunForrestRun/Content/StarterContent/Textures/T_Spark_Core.uasset" 465
"../../../../../../game270/stochastic-challenge/RunForrestRun/Content/StarterContent/Particles/Materials/M_Spark.uasset" 466
"../../../../../../game270/stochastic-challenge/RunForrestRun/Content/StarterContent/Particles/P_Sparks.uasset" 467
"../../../../../../game270/stochastic-challenge/RunForrestRun/Content/StarterContent/Blueprints/Blueprint_Effect_Sparks.uasset" 468
"../../../../../../game270/stochastic-challenge/RunForrestRun/Content/StarterContent/Audio/Steam01_Cue.uasset" 469
"../../../../../../game270/stochastic-challenge/RunForrestRun/Content/StarterContent/Particles/P_Steam_Lit.uasset" 470
"../../../../../../game270/stochastic-challenge/RunForrestRun/Content/StarterContent/Blueprints/Blueprint_Effect_Steam.uasset" 471
"../../../../../../game270/stochastic-challenge/RunForrestRun/Content/StarterContent/Textures/T_Lamp_M.uasset" 472
"../../../../../../game270/stochastic-challenge/RunForrestRun/Content/StarterContent/Textures/T_Lamp_N.uasset" 473
"../../../../../../game270/stochastic-challenge/RunForrestRun/Content/StarterContent/Props/Materials/M_Lamp.uasset" 474
"../../../../../../game270/stochastic-challenge/RunForrestRun/Content/StarterContent/Props/SM_Lamp_Ceiling.uasset" 475
"../../../../../../game270/stochastic-challenge/RunForrestRun/Content/StarterContent/Blueprints/Blueprint_CeilingLight.uasset" 476
"../../../../../../game270/stochastic-challenge/RunForrestRun/Content/StarterContent/Props/SM_Lamp_Wall.uasset" 477
"../../../../../../game270/stochastic-challenge/RunForrestRun/Content/StarterContent/Blueprints/Blueprint_WallSconce.uasset" 478
"../../../../../../game270/stochastic-challenge/RunForrestRun/Content/StarterContent/Maps/StarterMap_BuiltData.uasset" 479
"../../../Engine/Content/Functions/Engine_MaterialFunctions03/Procedurals/ComputeFilterWidth.uasset" 480
"../../../Engine/Content/EngineMaterials/AntiAliasedTextMaterialTranslucent.uasset" 481
"../../../../../../game270/stochastic-challenge/RunForrestRun/Content/StarterContent/Textures/T_Brick_Clay_Beveled_D.uasset" 482
"../../../../../../game270/stochastic-challenge/RunForrestRun/Content/StarterContent/Textures/T_Brick_Clay_Beveled_M.uasset" 483
"../../../../../../game270/stochastic-challenge/RunForrestRun/Content/StarterContent/Textures/T_Brick_Clay_Beveled_N.uasset" 484
"../../../../../../game270/stochastic-challenge/RunForrestRun/Content/StarterContent/Materials/M_Brick_Clay_Beveled.uasset" 485
"../../../../../../game270/stochastic-challenge/RunForrestRun/Content/StarterContent/Textures/T_Brick_Clay_New_D.uasset" 486
"../../../../../../game270/stochastic-challenge/RunForrestRun/Content/StarterContent/Textures/T_Brick_Clay_New_M.uasset" 487
"../../../../../../game270/stochastic-challenge/RunForrestRun/Content/StarterContent/Textures/T_Brick_Clay_New_N.uasset" 488
"../../../../../../game270/stochastic-challenge/RunForrestRun/Content/StarterContent/Materials/M_Brick_Clay_New.uasset" 489
"../../../../../../game270/stochastic-challenge/RunForrestRun/Content/StarterContent/Textures/T_Brick_Clay_Old_D.uasset" 490
"../../../../../../game270/stochastic-challenge/RunForrestRun/Content/StarterContent/Textures/T_Brick_Clay_Old_N.uasset" 491
"../../../../../../game270/stochastic-challenge/RunForrestRun/Content/StarterContent/Textures/T_Perlin_Noise_M.uasset" 492
"../../../../../../game270/stochastic-challenge/RunForrestRun/Content/StarterContent/Materials/M_Brick_Clay_Old.uasset" 493
"../../../../../../game270/stochastic-challenge/RunForrestRun/Content/StarterContent/Textures/T_Brick_Cut_Stone_D.uasset" 494
"../../../../../../game270/stochastic-challenge/RunForrestRun/Content/StarterContent/Textures/T_Brick_Cut_Stone_N.uasset" 495
"../../../../../../game270/stochastic-challenge/RunForrestRun/Content/StarterContent/Materials/M_Brick_Cut_Stone.uasset" 496
"../../../../../../game270/stochastic-challenge/RunForrestRun/Content/StarterContent/Textures/T_Brick_Hewn_Stone_D.uasset" 497
"../../../../../../game270/stochastic-challenge/RunForrestRun/Content/StarterContent/Textures/T_Brick_Hewn_Stone_M.uasset" 498
"../../../../../../game270/stochastic-challenge/RunForrestRun/Content/StarterContent/Textures/T_Brick_Hewn_Stone_N.uasset" 499
"../../../../../../game270/stochastic-challenge/RunForrestRun/Content/StarterContent/Materials/M_Brick_Hewn_Stone.uasset" 500
"../../../../../../game270/stochastic-challenge/RunForrestRun/Content/StarterContent/Textures/T_Ceramic_Tile_M.uasset" 501
"../../../../../../game270/stochastic-challenge/RunForrestRun/Content/StarterContent/Textures/T_Ceramic_Tile_N.uasset" 502
"../../../../../../game270/stochastic-challenge/RunForrestRun/Content/StarterContent/Textures/T_Rock_Marble_Polished_D.uasset" 503
"../../../../../../game270/stochastic-challenge/RunForrestRun/Content/StarterContent/Materials/M_Ceramic_Tile_Checker.uasset" 504
"../../../../../../game270/stochastic-challenge/RunForrestRun/Content/StarterContent/Textures/T_CobbleStone_Pebble_D.uasset" 505
"../../../../../../game270/stochastic-challenge/RunForrestRun/Content/StarterContent/Textures/T_CobbleStone_Pebble_M.uasset" 506
"../../../../../../game270/stochastic-challenge/RunForrestRun/Content/StarterContent/Textures/T_CobbleStone_Pebble_N.uasset" 507
"../../../../../../game270/stochastic-challenge/RunForrestRun/Content/StarterContent/Materials/M_CobbleStone_Pebble.uasset" 508
"../../../../../../game270/stochastic-challenge/RunForrestRun/Content/StarterContent/Textures/T_CobbleStone_Rough_D.uasset" 509
"../../../../../../game270/stochastic-challenge/RunForrestRun/Content/StarterContent/Textures/T_CobbleStone_Rough_N.uasset" 510
"../../../../../../game270/stochastic-challenge/RunForrestRun/Content/StarterContent/Textures/T_Gradinet_01.uasset" 511
"../../../../../../game270/stochastic-challenge/RunForrestRun/Content/StarterContent/Textures/T_Rock_Smooth_Granite_D.uasset" 512
"../../../../../../game270/stochastic-challenge/RunForrestRun/Content/StarterContent/Materials/M_CobbleStone_Rough.uasset" 513
"../../../../../../game270/stochastic-challenge/RunForrestRun/Content/StarterContent/Textures/T_CobbleStone_Smooth_D.uasset" 514
"../../../../../../game270/stochastic-challenge/RunForrestRun/Content/StarterContent/Textures/T_CobbleStone_Smooth_M.uasset" 515
"../../../../../../game270/stochastic-challenge/RunForrestRun/Content/StarterContent/Textures/T_CobbleStone_Smooth_N.uasset" 516
"../../../../../../game270/stochastic-challenge/RunForrestRun/Content/StarterContent/Materials/M_CobbleStone_Smooth.uasset" 517
"../../../../../../game270/stochastic-challenge/RunForrestRun/Content/StarterContent/Textures/T_Concrete_Grime_D.uasset" 518
"../../../../../../game270/stochastic-challenge/RunForrestRun/Content/StarterContent/Textures/T_Metal_Rust_N.uasset" 519
"../../../../../../game270/stochastic-challenge/RunForrestRun/Content/StarterContent/Materials/M_Concrete_Grime.uasset" 520
"../../../../../../game270/stochastic-challenge/RunForrestRun/Content/StarterContent/Textures/T_Concrete_Panels_D.uasset" 521
"../../../../../../game270/stochastic-challenge/RunForrestRun/Content/StarterContent/Textures/T_Concrete_Panels_N.uasset" 522
"../../../../../../game270/stochastic-challenge/RunForrestRun/Content/StarterContent/Materials/M_Concrete_Panels.uasset" 523
"../../../../../../game270/stochastic-challenge/RunForrestRun/Content/StarterContent/Textures/T_Concrete_Poured_D.uasset" 524
"../../../../../../game270/stochastic-challenge/RunForrestRun/Content/StarterContent/Textures/T_Concrete_Poured_N.uasset" 525
"../../../../../../game270/stochastic-challenge/RunForrestRun/Content/StarterContent/Materials/M_Concrete_Poured.uasset" 526
"../../../../../../game270/stochastic-challenge/RunForrestRun/Content/StarterContent/Textures/T_Concrete_Tiles_D.uasset" 527
"../../../../../../game270/stochastic-challenge/RunForrestRun/Content/StarterContent/Textures/T_Concrete_Tiles_M.uasset" 528
"../../../../../../game270/stochastic-challenge/RunForrestRun/Content/StarterContent/Textures/T_Concrete_Tiles_N.uasset" 529
"../../../../../../game270/stochastic-challenge/RunForrestRun/Content/StarterContent/Textures/T_Concrete_Tiles_Variation_M.uasset" 530
"../../../../../../game270/stochastic-challenge/RunForrestRun/Content/StarterContent/Materials/M_Concrete_Tiles.uasset" 531
"../../../../../../game270/stochastic-challenge/RunForrestRun/Content/StarterContent/Textures/T_Ground_Grass_D.uasset" 532
"../../../../../../game270/stochastic-challenge/RunForrestRun/Content/StarterContent/Textures/T_Ground_Grass_N.uasset" 533
"../../../../../../game270/stochastic-challenge/RunForrestRun/Content/StarterContent/Materials/M_Ground_Grass.uasset" 534
"../../../../../../game270/stochastic-challenge/RunForrestRun/Content/StarterContent/Textures/T_Ground_Gravel_D.uasset" 535
"../../../../../../game270/stochastic-challenge/RunForrestRun/Content/StarterContent/Textures/T_Ground_Gravel_N.uasset" 536
"../../../../../../game270/stochastic-challenge/RunForrestRun/Content/StarterContent/Materials/M_Ground_Gravel.uasset" 537
"../../../../../../game270/stochastic-challenge/RunForrestRun/Content/StarterContent/Textures/T_ground_Moss_D.uasset" 538
"../../../../../../game270/stochastic-challenge/RunForrestRun/Content/StarterContent/Textures/T_Ground_Moss_N.uasset" 539
"../../../../../../game270/stochastic-challenge/RunForrestRun/Content/StarterContent/Materials/M_Ground_Moss.uasset" 540
"../../../../../../game270/stochastic-challenge/RunForrestRun/Content/StarterContent/Materials/M_Metal_Chrome.uasset" 541
"../../../../../../game270/stochastic-challenge/RunForrestRun/Content/StarterContent/Textures/T_Metal_Gold_D.uasset" 542
"../../../../../../game270/stochastic-challenge/RunForrestRun/Content/StarterContent/Materials/M_Metal_Gold.uasset" 543
"../../../../../../game270/stochastic-challenge/RunForrestRun/Content/StarterContent/Textures/T_Metal_Rust_D.uasset" 544
"../../../../../../game270/stochastic-challenge/RunForrestRun/Content/StarterContent/Materials/M_Metal_Rust.uasset" 545
"../../../../../../game270/stochastic-challenge/RunForrestRun/Content/StarterContent/Textures/T_Metal_Steel_D.uasset" 546
"../../../../../../game270/stochastic-challenge/RunForrestRun/Content/StarterContent/Textures/T_Metal_Steel_N.uasset" 547
"../../../../../../game270/stochastic-challenge/RunForrestRun/Content/StarterContent/Materials/M_Metal_Steel.uasset" 548
"../../../../../../game270/stochastic-challenge/RunForrestRun/Content/StarterContent/Textures/T_Rock_Basalt_N.uasset" 549
"../../../../../../game270/stochastic-challenge/RunForrestRun/Content/StarterContent/Materials/M_Rock_Basalt.uasset" 550
"../../../../../../game270/stochastic-challenge/RunForrestRun/Content/StarterContent/Materials/M_Rock_Marble_Polished.uasset" 551
"../../../../../../game270/stochastic-challenge/RunForrestRun/Content/StarterContent/Textures/T_Rock_Sandstone_D.uasset" 552
"../../../../../../game270/stochastic-challenge/RunForrestRun/Content/StarterContent/Textures/T_Rock_Sandstone_N.uasset" 553
"../../../../../../game270/stochastic-challenge/RunForrestRun/Content/StarterContent/Materials/M_Rock_Sandstone.uasset" 554
"../../../../../../game270/stochastic-challenge/RunForrestRun/Content/StarterContent/Textures/T_Rock_Slate_D.uasset" 555
"../../../../../../game270/stochastic-challenge/RunForrestRun/Content/StarterContent/Textures/T_Rock_Slate_N.uasset" 556
"../../../../../../game270/stochastic-challenge/RunForrestRun/Content/StarterContent/Materials/M_Rock_Slate.uasset" 557
"../../../../../../game270/stochastic-challenge/RunForrestRun/Content/StarterContent/Textures/T_Checker_Noise_M.uasset" 558
"../../../../../../game270/stochastic-challenge/RunForrestRun/Content/StarterContent/Textures/T_Single_Tile_N.uasset" 559
"../../../../../../game270/stochastic-challenge/RunForrestRun/Content/StarterContent/Textures/T_Tech_Dot_M.uasset" 560
"../../../../../../game270/stochastic-challenge/RunForrestRun/Content/StarterContent/Textures/T_Tech_Dot_N.uasset" 561
"../../../../../../game270/stochastic-challenge/RunForrestRun/Content/StarterContent/Materials/M_Tech_Checker_Dot.uasset" 562
"../../../../../../game270/stochastic-challenge/RunForrestRun/Content/StarterContent/Textures/T_Tech_Hex_Tile_M.uasset" 563
"../../../../../../game270/stochastic-challenge/RunForrestRun/Content/StarterContent/Textures/T_Tech_Hex_Tile_N.uasset" 564
"../../../../../../game270/stochastic-challenge/RunForrestRun/Content/StarterContent/Materials/M_Tech_Hex_Tile.uasset" 565
"../../../../../../game270/stochastic-challenge/RunForrestRun/Content/StarterContent/Materials/M_Tech_Hex_Tile_Pulse.uasset" 566
"../../../../../../game270/stochastic-challenge/RunForrestRun/Content/StarterContent/Textures/T_Tech_Panel_M.uasset" 567
"../../../../../../game270/stochastic-challenge/RunForrestRun/Content/StarterContent/Textures/T_Tech_Panel_N.uasset" 568
"../../../../../../game270/stochastic-challenge/RunForrestRun/Content/StarterContent/Materials/M_Tech_Panel.uasset" 569
"../../../../../../game270/stochastic-challenge/RunForrestRun/Content/StarterContent/Materials/M_Water_Lake.uasset" 570
"../../../../../../game270/stochastic-challenge/RunForrestRun/Content/StarterContent/Textures/T_Water_M.uasset" 571
"../../../../../../game270/stochastic-challenge/RunForrestRun/Content/StarterContent/Materials/M_Water_Ocean.uasset" 572
"../../../../../../game270/stochastic-challenge/RunForrestRun/Content/StarterContent/Textures/T_Wood_Floor_Walnut_D.uasset" 573
"../../../../../../game270/stochastic-challenge/RunForrestRun/Content/StarterContent/Textures/T_Wood_Floor_Walnut_M.uasset" 574
"../../../../../../game270/stochastic-challenge/RunForrestRun/Content/StarterContent/Textures/T_Wood_Floor_Walnut_N.uasset" 575
"../../../../../../game270/stochastic-challenge/RunForrestRun/Content/StarterContent/Materials/M_Wood_Floor_Walnut_Polished.uasset" 576
"../../../Engine/Content/Functions/Engine_MaterialFunctions01/Opacity/AlphaOffset.uasset" 577
"../../../../../../game270/stochastic-challenge/RunForrestRun/Content/StarterContent/Materials/M_Wood_Floor_Walnut_Worn.uasset" 578
"../../../../../../game270/stochastic-challenge/RunForrestRun/Content/StarterContent/Textures/T_Wood_Oak_D.uasset" 579
"../../../../../../game270/stochastic-challenge/RunForrestRun/Content/StarterContent/Textures/T_Wood_Oak_N.uasset" 580
"../../../../../../game270/stochastic-challenge/RunForrestRun/Content/StarterContent/Materials/M_Wood_Oak.uasset" 581
"../../../../../../game270/stochastic-challenge/RunForrestRun/Content/StarterContent/Textures/T_Wood_Pine_D.uasset" 582
"../../../../../../game270/stochastic-challenge/RunForrestRun/Content/StarterContent/Textures/T_Wood_Pine_N.uasset" 583
"../../../../../../game270/stochastic-challenge/RunForrestRun/Content/StarterContent/Materials/M_Wood_Pine.uasset" 584
"../../../../../../game270/stochastic-challenge/RunForrestRun/Content/StarterContent/Textures/T_Wood_Walnut_D.uasset" 585
"../../../../../../game270/stochastic-challenge/RunForrestRun/Content/StarterContent/Textures/T_Wood_Walnut_N.uasset" 586
"../../../../../../game270/stochastic-challenge/RunForrestRun/Content/StarterContent/Materials/M_Wood_Walnut.uasset" 587
"../../../../../../game270/stochastic-challenge/RunForrestRun/Content/StarterContent/Architecture/Wall_400x200.uasset" 588
"../../../../../../game270/stochastic-challenge/RunForrestRun/Content/StarterContent/Architecture/Wall_Door_400x300.uasset" 589
"../../../../../../game270/stochastic-challenge/RunForrestRun/Content/StarterContent/Architecture/Wall_Window_400x300.uasset" 590
"../../../../../../game270/stochastic-challenge/RunForrestRun/Content/StarterContent/Audio/Collapse_Cue.uasset" 591
"../../../../../../game270/stochastic-challenge/RunForrestRun/Content/StarterContent/Audio/Starter_Music_Cue.uasset" 592
"../../../../../../game270/stochastic-challenge/RunForrestRun/Content/StarterContent/Textures/T_Dust_Particle_D.uasset" 593
"../../../../../../game270/stochastic-challenge/RunForrestRun/Content/StarterContent/Particles/Materials/M_Dust_Particle.uasset" 594
"../../../../../../game270/stochastic-challenge/RunForrestRun/Content/StarterContent/Particles/P_Ambient_Dust.uasset" 595
"../../../../../../game270/stochastic-challenge/RunForrestRun/Content/StarterContent/Props/MaterialSphere.uasset" 596
"../../../../../../game270/stochastic-challenge/RunForrestRun/Content/StarterContent/Textures/T_Frame_M.uasset" 597
"../../../../../../game270/stochastic-challenge/RunForrestRun/Content/StarterContent/Textures/T_Frame_N.uasset" 598
"../../../../../../game270/stochastic-challenge/RunForrestRun/Content/StarterContent/Props/Materials/M_Frame.uasset" 599
"../../../../../../game270/stochastic-challenge/RunForrestRun/Content/StarterContent/Props/SM_CornerFrame.uasset" 600
"../../../../../../game270/stochastic-challenge/RunForrestRun/Content/StarterContent/Props/SM_DoorFrame.uasset" 601
"../../../../../../game270/stochastic-challenge/RunForrestRun/Content/StarterContent/Props/SM_GlassWindow.uasset" 602
"../../../../../../game270/stochastic-challenge/RunForrestRun/Content/StarterContent/Props/SM_PillarFrame.uasset" 603
"../../../../../../game270/stochastic-challenge/RunForrestRun/Content/StarterContent/Props/SM_PillarFrame300.uasset" 604
"../../../../../../game270/stochastic-challenge/RunForrestRun/Content/StarterContent/Props/SM_WindowFrame.uasset" 605
"../../../../../../game270/stochastic-challenge/RunForrestRun/Content/StarterContent/Shapes/Shape_Cube.uasset" 606
"../../../../../../game270/stochastic-challenge/RunForrestRun/Content/StarterContent/Shapes/Shape_QuadPyramid.uasset" 607
"../../../../../../game270/stochastic-challenge/RunForrestRun/Content/StarterContent/Maps/StarterMap.umap" 608
"../../../../../../game270/stochastic-challenge/RunForrestRun/Content/ThirdPersonBP/Maps/ThirdPersonExampleMap_BuiltData.uasset" 609
"../../../../../../game270/stochastic-challenge/RunForrestRun/Content/ThirdPersonBP/Maps/ThirdPersonExampleMap.umap" 610
"../../../../../../game270/stochastic-challenge/RunForrestRun/Content/VehicleVarietyPack/Blueprints/SUV/DA_SUV_TireConfig.uasset" 611
"../../../../../../game270/stochastic-challenge/RunForrestRun/Content/VehicleVarietyPack/Blueprints/SUV/BP_SUV_Wheel_Front.uasset" 612
"../../../../../../game270/stochastic-challenge/RunForrestRun/Content/VehicleVarietyPack/Blueprints/SUV/BP_SUV_Wheel_Rear.uasset" 613
"../../../../../../game270/stochastic-challenge/RunForrestRun/Content/VehicleVarietyPack/Textures/SUV/TX_SUV_Main_Diffuse.uasset" 614
"../../../../../../game270/stochastic-challenge/RunForrestRun/Content/VehicleVarietyPack/Textures/SUV/TX_SUV_Main_Emissive.uasset" 615
"../../../../../../game270/stochastic-challenge/RunForrestRun/Content/VehicleVarietyPack/Textures/SUV/TX_SUV_Main_Normal.uasset" 616
"../../../../../../game270/stochastic-challenge/RunForrestRun/Content/VehicleVarietyPack/Textures/SUV/TX_SUV_Main_ORM.uasset" 617
"../../../../../../game270/stochastic-challenge/RunForrestRun/Content/VehicleVarietyPack/Materials/SUV/M_SUV_Body.uasset" 618
"../../../../../../game270/stochastic-challenge/RunForrestRun/Content/VehicleVarietyPack/Textures/SUV/TX_SUV_Details_Diffuse.uasset" 619
"../../../../../../game270/stochastic-challenge/RunForrestRun/Content/VehicleVarietyPack/Textures/SUV/TX_SUV_Details_Normal.uasset" 620
"../../../../../../game270/stochastic-challenge/RunForrestRun/Content/VehicleVarietyPack/Textures/SUV/TX_SUV_Details_ORM.uasset" 621
"../../../../../../game270/stochastic-challenge/RunForrestRun/Content/VehicleVarietyPack/Materials/SUV/M_SUV_Interior.uasset" 622
"../../../../../../game270/stochastic-challenge/RunForrestRun/Content/VehicleVarietyPack/Textures/SUV/TX_SUV_Undercar_Diffuse.uasset" 623
"../../../../../../game270/stochastic-challenge/RunForrestRun/Content/VehicleVarietyPack/Textures/SUV/TX_SUV_Undercar_Normal.uasset" 624
"../../../../../../game270/stochastic-challenge/RunForrestRun/Content/VehicleVarietyPack/Textures/SUV/TX_SUV_Undercar_ORM.uasset" 625
"../../../../../../game270/stochastic-challenge/RunForrestRun/Content/VehicleVarietyPack/Materials/SUV/M_SUV_Under.uasset" 626
"../../../../../../game270/stochastic-challenge/RunForrestRun/Content/VehicleVarietyPack/Textures/SUV/TX_SUV_Glass_BaseColor.uasset" 627
"../../../../../../game270/stochastic-challenge/RunForrestRun/Content/VehicleVarietyPack/Textures/SUV/TX_SUV_Glass_Normal.uasset" 628
"../../../../../../game270/stochastic-challenge/RunForrestRun/Content/VehicleVarietyPack/Textures/SUV/TX_SUV_Glass_ORM.uasset" 629
"../../../../../../game270/stochastic-challenge/RunForrestRun/Content/VehicleVarietyPack/Materials/SUV/Mi_SUV_Glass.uasset" 630
"../../../../../../game270/stochastic-challenge/RunForrestRun/Content/VehicleVarietyPack/Skeletons/SK_SUV_PhysicsAsset.uasset" 631
"../../../../../../game270/stochastic-challenge/RunForrestRun/Content/VehicleVarietyPack/Skeletons/SK_SUV.uasset" 632
"../../../../../../game270/stochastic-challenge/RunForrestRun/Content/VehicleVarietyPack/Blueprints/SUV/BP_SUV.uasset" 633
"../../../../../../game270/stochastic-challenge/RunForrestRun/Content/VehicleVarietyPack/Blueprints/SUV/BP_SUV_Gamemode.uasset" 634
"../../../../../../game270/stochastic-challenge/RunForrestRun/Content/VehicleVarietyPack/Maps/Playground_BuiltData.uasset" 635
"../../../Engine/Content/BasicShapes/Cube.uasset" 636
"../../../Engine/Content/BasicShapes/Cylinder.uasset" 637
"../../../Engine/Content/BasicShapes/Sphere.uasset" 638
"../../../../../../game270/stochastic-challenge/RunForrestRun/Content/VehicleVarietyPack/Textures/Hatchback/TX_Hatchback_Diffuse_0.uasset" 639
"../../../../../../game270/stochastic-challenge/RunForrestRun/Content/VehicleVarietyPack/Textures/Hatchback/TX_Hatchback_EMM_0.uasset" 640
"../../../../../../game270/stochastic-challenge/RunForrestRun/Content/VehicleVarietyPack/Textures/Hatchback/TX_Hatchback_Normal_0.uasset" 641
"../../../../../../game270/stochastic-challenge/RunForrestRun/Content/VehicleVarietyPack/Textures/Hatchback/TX_Hatchback_ORM_0.uasset" 642
"../../../../../../game270/stochastic-challenge/RunForrestRun/Content/VehicleVarietyPack/Materials/Hatchback/M_Hatchback_Body.uasset" 643
"../../../../../../game270/stochastic-challenge/RunForrestRun/Content/VehicleVarietyPack/Textures/Hatchback/TX_Hatchback_Diffuse_1.uasset" 644
"../../../../../../game270/stochastic-challenge/RunForrestRun/Content/VehicleVarietyPack/Textures/Hatchback/TX_Hatchback_Normal_1.uasset" 645
"../../../../../../game270/stochastic-challenge/RunForrestRun/Content/VehicleVarietyPack/Textures/Hatchback/TX_Hatchback_ORM_1.uasset" 646
"../../../../../../game270/stochastic-challenge/RunForrestRun/Content/VehicleVarietyPack/Materials/Hatchback/M_Hatchback_Interior.uasset" 647
"../../../../../../game270/stochastic-challenge/RunForrestRun/Content/VehicleVarietyPack/Textures/Hatchback/TX_Hatchback_Diffuse.uasset" 648
"../../../../../../game270/stochastic-challenge/RunForrestRun/Content/VehicleVarietyPack/Textures/Hatchback/TX_Hatchback_Normal.uasset" 649
"../../../../../../game270/stochastic-challenge/RunForrestRun/Content/VehicleVarietyPack/Textures/Hatchback/TX_Hatchback_ORM.uasset" 650
"../../../../../../game270/stochastic-challenge/RunForrestRun/Content/VehicleVarietyPack/Materials/Hatchback/M_Hatchback_Under.uasset" 651
"../../../../../../game270/stochastic-challenge/RunForrestRun/Content/VehicleVarietyPack/Textures/Hatchback/TX_Hatchback_Diffuse_2.uasset" 652
"../../../../../../game270/stochastic-challenge/RunForrestRun/Content/VehicleVarietyPack/Textures/Hatchback/TX_Hatchback_Normal_2.uasset" 653
"../../../../../../game270/stochastic-challenge/RunForrestRun/Content/VehicleVarietyPack/Textures/Hatchback/TX_Hatchback_OPC_2.uasset" 654
"../../../../../../game270/stochastic-challenge/RunForrestRun/Content/VehicleVarietyPack/Textures/Hatchback/TX_Hatchback_ORM_2.uasset" 655
"../../../../../../game270/stochastic-challenge/RunForrestRun/Content/VehicleVarietyPack/Materials/Hatchback/Mi_Hatchback_Glass.uasset" 656
"../../../../../../game270/stochastic-challenge/RunForrestRun/Content/VehicleVarietyPack/Meshes/SM_Hatchback.uasset" 657
"../../../../../../game270/stochastic-challenge/RunForrestRun/Content/VehicleVarietyPack/Meshes/SM_Pickup.uasset" 658
"../../../../../../game270/stochastic-challenge/RunForrestRun/Content/VehicleVarietyPack/Meshes/SM_SportsCar.uasset" 659
"../../../../../../game270/stochastic-challenge/RunForrestRun/Content/VehicleVarietyPack/Meshes/SM_SUV.uasset" 660
"../../../../../../game270/stochastic-challenge/RunForrestRun/Content/VehicleVarietyPack/Meshes/SM_Truck_Box.uasset" 661
"../../../../../../game270/stochastic-challenge/RunForrestRun/Content/VehicleVarietyPack/Textures/TX_LUT_Adjustments.uasset" 662
"../../../../../../game270/stochastic-challenge/RunForrestRun/Content/VehicleVarietyPack/Maps/Playground.umap" 663
"../../../../../../game270/stochastic-challenge/RunForrestRun/Content/VehicleVarietyPack/Blueprints/Hatchback/AB_Hatchback.uasset" 664
"../../../../../../game270/stochastic-challenge/RunForrestRun/Content/VehicleVarietyPack/Blueprints/Hatchback/BP_HB_FrontWheel.uasset" 665
"../../../../../../game270/stochastic-challenge/RunForrestRun/Content/VehicleVarietyPack/Blueprints/Hatchback/BP_HB_RearWheel.uasset" 666
"../../../../../../game270/stochastic-challenge/RunForrestRun/Content/VehicleVarietyPack/Skeletons/SK_Hatchback_PhysicsAsset.uasset" 667
"../../../../../../game270/stochastic-challenge/RunForrestRun/Content/VehicleVarietyPack/Skeletons/SK_Hatchback.uasset" 668
"../../../../../../game270/stochastic-challenge/RunForrestRun/Content/VehicleVarietyPack/Blueprints/Hatchback/BP_Hatchback.uasset" 669
"../../../../../../game270/stochastic-challenge/RunForrestRun/Content/VehicleVarietyPack/Blueprints/Hatchback/BP_Hatchback_Gamemode.uasset" 670
"../../../../../../game270/stochastic-challenge/RunForrestRun/Content/VehicleVarietyPack/Maps/Presentation_BuiltData.uasset" 671
"../../../../../../game270/stochastic-challenge/RunForrestRun/Content/VehicleVarietyPack/Textures/TX_Asphalt_Dry_Diffuse.uasset" 672
"../../../../../../game270/stochastic-challenge/RunForrestRun/Content/VehicleVarietyPack/Textures/TX_Asphalt_Dry_Normal.uasset" 673
"../../../../../../game270/stochastic-challenge/RunForrestRun/Content/VehicleVarietyPack/Textures/TX_Asphalt_Wet_RGB.uasset" 674
"../../../../../../game270/stochastic-challenge/RunForrestRun/Content/VehicleVarietyPack/Materials/Masters/M_Floor.uasset" 675
"../../../Engine/Content/EditorMeshes/PlanarReflectionPlane.uasset" 676
"../../../../../../game270/stochastic-challenge/RunForrestRun/Content/VehicleVarietyPack/Meshes/SM_Floorplane.uasset" 677
"../../../../../../game270/stochastic-challenge/RunForrestRun/Content/VehicleVarietyPack/Textures/TX_StudioLighting.uasset" 678
"../../../../../../game270/stochastic-challenge/RunForrestRun/Content/VehicleVarietyPack/Maps/Presentation.umap" 679
"../../../Engine/Content/Maps/Entry_BuiltData.uasset" 680
"../../../Engine/Content/Maps/Entry.umap" 681
